2812013 5236853
876978 877765
878103 878852
882180 882935
887936 888680
905948 906640
848040 848723
889029 889780
875602 876319
888086 888787
876581 877239
918515 919259
862856 863579
885943 886676
876684 877359
885099 885789
873676 874388
893640 894371
871008 871693
868779 869480
895471 896160
888897 889640
881186 881850
864464 865135
864777 865458
914471 915148
867629 868343
904929 905624
874013 874695
881904 882577
861719 862460
872010 872694
880199 880927
890872 891512
880222 880924
886766 887455
883781 884478
883550 884218
868416 869094
877019 877724
851128 851804
889540 890275
863155 863821
901949 902645
880431 881153
864536 865269
862677 863411
888020 888660
872197 872898
902924 903653
872732 873411
890853 891547
862534 863196
896088 896777
858808 859495
894495 895218
861801 862475
891867 892544
848371 849083
904660 905393
868008 868680
894733 895388
854692 855391
884546 885260
883758 884451
891074 891809
877457 878134
901632 902314
863585 864263
871657 872389
864024 864697
902769 903427
864329 865025
901911 902631
877153 877869
893100 893754
871270 871895
882301 883033
862113 862809
865432 866123
873026 873695
887433 888125
881693 882372
898439 899184
866475 867147
882425 883075
874668 875400
875444 876186
909660 910353
872988 873671
861361 861998
898077 898800
881634 882372
900040 900752
913365 914068
888427 889171
885877 886614
894306 895009
886929 887563
920197 920937
881153 881869
883917 884632
873137 873784
923256 923961
898648 899335
905520 906228
884345 885042
907252 907947
859585 860325
910400 911089
923111 923816
906087 906802
882526 883252
912129 912820
894146 894840
914594 915326
868596 869322
913826 914538
850699 851396
934348 935011
909707 910414
925592 926286
876604 877275
909330 910020
881577 882312
941785 942537
865925 866583
910159 910894
880989 881667
2768414 2769217
866883 867548
920100 920841
871148 871876
913162 913867
876373 877038
911008 911690
883876 884623
915145 915836
871244 871942
924578 925306
837908 838630
893484 894137
885312 886014
880165 880896
882931 883663
917193 917847
865458 866152
889594 890341
863144 863883
931425 932101
861050 861754
911665 912384
889183 889914
909756 910452
861281 861953
898361 899053
864032 864706
871800 872490
867410 868091
899207 899920
869440 870150
895543 896195
878765 879439
899050 899734
888770 889492
895747 896408
874732 875464
902212 902913
874322 875040
885206 885851
869284 869964
887023 887717
882111 882823
907633 908311
876227 876955
871894 872587
874146 874865
905851 906517
895968 896676
893423 894117
873906 874619
907532 908230
857739 858451
900945 901655
886137 886860
881026 881718
867922 868602
897286 898035
895825 896519
900099 900807
885500 886212
899763 900508
870155 870842
902793 903494
872535 873271
885346 886062
844935 845606
884526 885217
870572 871243
893024 893758
867829 868512
881645 882325
862555 863184
905069 905802
873491 874173
912972 913652
859880 860556
879532 880259
869586 870274
879527 880246
875458 876113
917734 918466
869467 870137
892458 893190
855186 855872
908861 909583
871039 871712
898554 899287
868338 868989
901000 901669
900564 901292
882343 883015
862741 863423
889156 889839
865107 865838
880367 881082
872009 872656
897073 897759
884082 884799
892463 893170
870019 870666
894682 895378
884573 885248
873016 873697
857473 858169
883449 884119
869341 870066
890229 890911
881570 882292
892778 893471
857355 858062
876040 876736
876800 877547
884107 884772
881857 882535
878608 879297
852802 853514
894447 895138
859871 860533
876800 877489
878488 879195
896099 896802
876522 877222
881343 882030
889736 890460
886443 887169
887947 888614
883812 884549
873051 873730
876643 877327
862245 862865
886575 887219
868764 869443
886358 887043
866517 867213
880832 881490
875286 875981
904202 904938
880418 881086
885117 885796
876563 877257
900791 901479
850370 851084
891738 892446
859736 860419
922136 922901
873790 874512
923988 924672
870533 871222
887999 888728
902507 903215
917840 918523
854637 855331
928442 929121
859285 859978
903519 904163
860935 861624
905335 906039
876534 877253
916898 917550
913623 914339
890475 891177
855981 856640
932671 933337
867665 868341
919740 920436
891030 891747
911365 912082
886375 887100
910524 911216
863929 864567
935821 936509
871058 871751
911954 912655
874905 875552
920044 920791
920825 921565
930108 930778
879529 880260
915418 916151
900940 901678
891488 892157
900032 900723
898405 899143
846362 847009
905929 906594
868932 869612
936294 936984
864671 865351
901835 902500
866404 867096
898114 898862
910535 911282
902804 903499
857933 858636
900738 901437
870571 871251
925151 925833
882944 883645
909639 910382
873590 874265
890409 891091
885050 885730
936809 937539
876221 876860
910800 911514
853393 854087
924300 925036
910566 911233
907790 908523
888710 889416
902857 903558
879188 879828
938922 939612
885763 886447
916251 916942
883738 884457
909273 909999
867295 868024
948306 948994
856880 857620
901890 902577
856614 857309
894273 894936
903113 903866
909284 909974
869672 870399
902016 902679
859215 859898
927895 928576
871656 872342
918821 919490
867310 868042
909726 910434
898246 898947
898723 899385
881155 881878
906824 907565
862480 863175
898065 898730
892527 893280
941140 941871
872296 872986
916517 917196
882904 883613
906844 907536
878658 879334
920927 921632
855748 856480
916488 917234
897278 897981
900396 901100
875612 876345
918209 918877
879028 879712
932450 933152
896619 897312
902154 902887
885841 886575
902224 902971
871457 872140
903115 903818
850218 850940
909891 910633
872319 873009
902475 903188
895474 896168
905928 906633
883093 883781
922126 922838
879060 879736
924260 924998
859731 860414
902715 903409
842666 843390
919106 919843
868416 869085
926328 927028
869502 870237
908588 909330
888892 889537
912187 912901
902347 903103
926588 927331
856966 857636
918276 919015
869085 869816
904589 905294
877509 878193
913709 914448
865381 866066
921412 922141
864978 865650
932177 932919
868849 869531
900385 901077
864722 865440
922385 923088
901655 902390
911082 911791
865677 866374
884219 884919
869661 870382
926255 926908
861421 862077
909563 910265
873711 874437
920511 921194
908118 908824
911743 912446
867656 868337
900411 901120
851047 851775
892680 893380
908093 908846
912449 913107
871782 872508
912640 913338
851585 852325
941071 941763
870279 871005
900904 901614
886844 887567
894397 895054
909059 909803
889499 890191
852892 853571
928238 928932
877773 878514
912438 913180
858692 859349
895046 895760
889776 890502
908345 909031
870056 870723
933324 933993
892700 893396
898143 898876
878038 878689
906967 907676
875902 876603
919698 920399
874363 875040
900919 901614
868182 868893
928237 928989
874912 875569
906525 907264
879243 879928
921232 921952
861918 862562
910799 911495
857258 857950
916367 917098
873944 874602
909834 910516
911524 912260
880878 881606
876300 876989
915587 916285
847192 847915
949269 949954
839575 840288
901962 902656
846393 847127
889111 889840
919484 920133
910686 911392
862787 863531
894719 895414
850548 851240
913295 913968
898531 899225
901681 902406
872247 872948
923086 923754
859909 860639
928660 929358
850524 851194
892831 893518
876551 877254
899744 900483
900068 900795
916761 917393
861128 861817
911691 912409
866039 866725
913402 914061
869916 870583
922679 923406
847438 848120
886051 886725
891883 892562
904284 905020
880394 881077
912150 912853
852702 853393
924706 925393
874557 875225
890380 891078
894894 895580
879145 879872
891567 892224
886300 886978
855889 856583
917829 918555
886849 887562
900525 901206
875908 876610
895342 896087
895813 896480
915708 916395
879528 880196
919081 919856
871972 872646
880425 881103
878683 879378
898815 899564
848320 849046
908922 909600
872318 872996
904824 905512
868238 868954
903443 904126
885001 885647
911498 912243
892870 893596
907602 908286
887049 887787
893599 894293
858395 859097
925367 926053
867850 868569
900813 901517
2764295 2765071
898569 899223
879753 880485
905317 906004
858147 858848
913252 913917
861742 862434
899023 899725
870183 870866
875735 876436
904185 904927
900281 900976
865334 865965
902890 903537
863457 864150
917125 917819
896616 897263
910790 911444
876050 876767
893564 894266
851019 851704
906767 907481
864632 865361
876085 876790
871576 872266
914705 915385
889133 889872
900378 901060
855192 855879
906731 907422
861716 862387
915686 916405
875505 876175
890788 891479
860386 861103
875462 876199
880386 881065
902848 903558
871928 872643
889998 890695
851868 852547
893759 894471
901743 902473
905974 906664
890720 891390
888811 889509
871375 872063
903438 904139
841577 842230
924936 925629
859807 860482
881712 882387
875748 876454
888310 889004
892936 893653
883998 884720
867514 868203
905236 905893
889027 889731
901728 902412
870344 871028
898512 899163
842170 842849
898466 899154
870126 870834
894640 895342
875572 876247
876415 877157
874345 875086
892446 893096
869296 869995
905909 906644
850970 851698
879148 879811
860274 860957
907170 907840
859640 860363
899217 899907
872976 873654
886613 887355
850852 851530
920095 920788
853730 854407
915742 916447
880566 881297
891059 891747
864412 865053
862148 862886
894331 895049
881632 882344
868544 869235
868443 869118
846370 847097
910780 911490
861403 862065
902157 902867
879400 880117
907839 908528
875809 876480
899414 900091
864037 864725
882012 882739
872251 872955
873835 874486
865841 866568
890934 891662
860854 861556
882629 883326
867461 868103
886893 887630
876905 877595
890000 890643
860405 861085
870992 871686
875705 876384
881580 882265
873121 873805
887340 888057
860940 861628
877822 878564
890002 890665
873701 874400
883863 884530
865673 866406
869594 870260
888502 889155
844127 844802
912668 913357
870407 871116
877461 878096
857997 858726
881365 882082
895058 895749
891727 892410
888792 889491
878923 879645
872973 873641
871176 871824
881015 881701
869948 870628
852886 853614
877525 878216
874422 875098
882927 883611
867117 867792
890742 891437
868470 869117
900684 901365
900302 901042
929187 929855
877920 878572
902561 903253
854259 855000
928649 929391
859685 860397
914450 915148
867596 868334
904028 904765
887448 888164
923931 924636
866797 867522
920098 920878
840893 841569
927015 927743
876459 877152
900299 901004
868206 868901
934138 934866
861899 862602
917704 918416
882035 882691
916854 917598
886414 887102
927369 928073
900777 901572
925154 925904
858662 859339
924305 925026
849942 850667
891013 891764
857584 858288
904677 905313
861631 862362
907444 908175
849618 850291
931964 932645
883597 884345
905091 905791
880411 881126
918432 919087
891384 892104
893528 894255
872147 872840
895212 895895
872539 873225
922294 923020
878842 879530
893489 894144
874660 875408
899484 900245
908782 909532
890132 890831
865239 865924
916630 917362
866781 867501
911117 911803
924598 925307
899805 900545
862574 863257
903775 904467
886639 887375
926345 927092
902325 903042
926383 927064
859057 859765
896693 897379
907207 907893
902994 903695
831851 832584
900203 900907
854320 855017
906977 907640
902060 902762
900145 900877
875111 875783
902278 902948
868486 869161
923229 923971
860737 861422
887718 888410
855089 855773
912415 913145
892256 892961
905262 905963
859041 859735
901287 902018
846317 847010
937945 938645
864365 865058
903757 904486
855055 855742
908856 909578
887230 887923
921937 922657
867972 868654
917609 918313
875162 875865
895875 896609
894508 895221
926223 926917
875558 876259
927908 928642
868571 869254
915847 916586
874128 874820
902910 903622
853011 853717
872146 872785
846280 846977
915970 916708
874981 875670
915718 916357
865310 865991
907969 908675
896485 897190
887241 887965
884350 885038
912741 913460
864366 865057
911868 912560
850710 851433
900213 900925
877914 878610
906702 907383
893710 894442
905853 906542
879306 880022
912749 913440
867018 867748
901882 902586
902944 903622
922706 923386
872229 872966
898536 899247
875015 875699
916522 917202
863552 864238
897412 898113
876809 877446
924045 924745
911829 912566
912267 912975
848654 849334
918313 918998
847379 848122
895659 896438
888026 888701
895276 896029
876250 876968
920818 921552
879349 880021
909507 910249
874188 874927
907625 908374
867414 868061
933645 934382
891211 891925
891853 892529
858643 859309
892483 893206
871881 872565
933300 934045
877228 877869
904222 904945
865957 866676
919513 920206
870257 870919
929843 930587
861225 861951
907635 908331
877377 878036
921121 921804
910509 911222
922938 923637
870977 871672
922687 923385
869042 869740
927350 928051
886842 887554
914104 914796
871682 872378
905641 906336
929415 930169
898329 899046
858395 859061
913933 914669
856603 857324
904611 905301
912970 913699
928503 929236
868805 869524
907761 908418
876075 876765
931322 932057
881994 882673
905925 906607
853603 854251
910127 910871
885830 886528
927510 928189
885093 885791
926975 927710
855113 855813
905939 906573
912965 913707
908368 909105
876784 877482
909739 910403
866815 867542
940464 941198
875712 876364
915990 916671
863519 864265
898362 899058
907192 907900
903623 904281
857088 857811
931320 932049
870868 871519
931204 931902
870872 871559
926528 927251
867322 868014
896341 897041
862180 862877
920721 921414
874279 874959
905585 906312
870603 871286
913777 914512
891881 892597
913812 914559
859597 860284
917293 918028
863052 863761
911052 911790
876603 877282
904233 904882
883898 884591
920261 920991
876253 876972
912238 912888
859872 860575
914075 914766
880402 881119
924424 925077
915470 916219
902935 903632
871953 872658
910755 911395
860760 861491
935896 936583
882492 883166
909199 909838
863956 864632
913265 913992
915819 916527
919579 920248
865035 865768
909915 910634
894319 894990
905013 905713
891599 892288
898774 899474
855339 855971
906007 906694
858348 859034
929945 930678
856706 857399
895757 896416
873768 874463
908354 909050
920034 920731
902427 903125
866802 867484
897690 898415
869163 869853
914921 915606
907614 908344
911953 912696
878760 879444
894967 895658
887270 888016
938934 939632
873714 874390
919708 920406
867315 868001
917079 917764
907225 907878
898731 899467
879982 880675
917315 918058
877858 878570
915264 916013
863766 864455
908706 909411
891238 891922
904726 905415
863356 864081
951692 952373
854813 855538
898512 899254
843879 844563
894833 895521
900078 900824
905181 905878
864952 865660
906565 907222
858826 859513
932312 933055
869324 870024
920858 921491
882249 882979
919086 919824
853594 854269
915902 916596
874931 875654
926929 927675
860452 861150
911089 911767
893086 893824
928706 929394
870996 871634
912642 913316
888050 888779
915036 915764
874076 874751
907941 908643
861847 862545
929021 929761
901798 902497
903788 904490
875522 876256
921584 922324
882597 883277
933043 933743
890564 891274
899114 899842
898298 899005
901696 902393
864420 865154
915781 916496
848051 848771
908054 908742
863976 864673
916616 917281
897040 897789
917236 917941
877043 877742
911615 912293
879271 880005
920307 921042
878590 879267
903025 903717
857903 858617
916836 917587
878191 878846
919248 919935
891312 891996
905687 906412
883651 884328
912157 912882
890499 891240
912341 913047
837071 837728
914326 915068
864007 864753
923330 924063
883580 884259
904385 905120
855786 856519
916392 917082
875905 876583
934973 935698
875498 876199
891496 892197
880653 881337
924731 925415
887979 888683
913426 914148
860694 861376
905989 906669
877086 877762
925018 925724
870256 870968
897278 898016
855981 856727
910889 911545
908950 909652
915529 916245
857242 857977
894534 895177
858777 859479
909056 909760
907584 908285
915084 915775
874617 875346
919784 920490
858315 858999
937762 938455
869340 870037
906078 906792
886946 887602
910165 910867
905565 906255
902582 903286
847141 847829
930117 930769
876265 876995
899081 899788
907231 907904
903755 904462
902377 903110
916952 917647
868278 868948
935511 936249
873731 874467
908355 909042
882851 883493
913471 914176
883174 883916
911291 911935
860278 860954
904897 905646
873794 874488
933329 933985
870172 870840
897947 898692
878686 879434
918023 918674
851958 852648
914023 914763
853623 854364
914962 915611
863068 863720
926055 926802
901287 902037
910691 911460
874837 875535
921358 922089
856070 856795
939171 939842
849527 850223
917253 917943
874178 874910
897732 898409
888141 888824
935026 935752
862364 863061
913644 914334
850651 851361
930278 930959
908170 908873
927024 927736
875068 875799
914361 915063
867536 868192
936960 937656
866004 866745
885909 886601
875701 876357
918834 919560
900204 900894
900325 901022
862027 862719
918436 919183
861348 862068
918530 919218
908366 909054
918397 919123
870302 870996
897517 898196
894175 894861
924800 925527
880174 880906
911943 912615
867086 867779
912574 913306
916209 916953
895864 896553
894717 895394
893124 893853
876564 877257
914768 915454
885813 886555
937848 938579
889617 890298
896203 896835
858334 859021
915070 915755
888520 889213
916291 916949
886654 887328
913329 914074
911264 911971
903652 904407
895204 895913
915388 916091
841005 841662
921104 921831
857483 858190
905476 906215
855481 856179
886799 887533
881465 882157
910901 911588
867854 868567
921555 922286
862212 862915
903346 904095
878264 878970
922235 922932
881113 881810
905247 905969
869042 869694
904977 905663
862051 862734
914561 915308
860846 861494
940627 941357
881915 882628
917346 918020
880152 880840
897011 897693
907381 908120
919851 920526
893839 894538
900429 901138
861559 862289
927973 928651
876289 876995
944158 944900
883487 884151
937536 938228
865229 865903
927992 928731
904646 905324
897343 898046
875795 876495
910132 910825
885030 885677
920165 920849
885509 886247
927354 928049
870148 870826
907955 908642
881384 882103
931774 932465
864442 865163
886843 887531
893272 893947
904962 905661
898850 899557
906651 907340
863273 863997
895466 896143
878246 878940
912097 912797
878460 879146
898092 898804
877261 877948
923533 924236
859942 860631
951393 952084
886089 886812
902860 903601
863016 863684
903952 904632
937724 938473
915486 916218
883395 884053
916901 917642
863865 864562
918713 919448
867690 868357
912769 913468
862712 863413
911478 912171
864771 865420
941846 942586
874792 875520
903952 904686
877897 878580
905453 906155
899363 900136
921644 922338
856501 857130
913458 914199
843071 843753
928298 929039
842373 843037
910102 910818
856683 857425
907466 908191
886431 887148
937424 938115
867943 868659
926516 927166
849023 849727
903421 904131
