2811720 5236869
876331 877082
867913 868607
894386 895098
887425 888091
924635 925279
843917 844616
890447 891132
879275 879950
885978 886631
864032 864712
881126 881838
854177 854862
887711 888369
875191 875815
896452 897151
849500 850177
913245 913946
878475 879111
889974 890680
872613 873294
892718 893408
845064 845700
896118 896766
853814 854484
895262 895940
874190 874857
881936 882581
872542 873183
899014 899694
845973 846681
861868 862537
858043 858684
883036 883693
874423 875086
876307 877005
883941 884652
877323 877952
843582 844260
871014 871721
867412 868096
878597 879245
870750 871381
898679 899377
885314 885983
867429 868133
871489 872147
895287 895917
858602 859269
888807 889505
851200 851861
886144 886780
866417 867094
891842 892520
865213 865889
859970 860605
876867 877505
888663 889365
870878 871564
877614 878269
866887 867516
859833 860515
878145 878827
879277 879959
866223 866866
895444 896082
846357 847039
893394 894085
875342 876015
856140 856776
852760 853395
873398 874086
868299 868968
899015 899693
864678 865324
896921 897637
864473 865148
869962 870659
851761 852414
872890 873601
864686 865371
873641 874356
868944 869621
891419 892070
870218 870864
885176 885858
862639 863304
882895 883599
895459 896105
868889 869604
856771 857438
907317 908011
876532 877174
923939 924604
877193 877897
907846 908541
879078 879719
884566 885227
873188 873862
938564 939256
883861 884509
911537 912240
880837 881520
923711 924396
905054 905700
907003 907706
874992 875691
920378 921061
850128 850757
898125 898768
886188 886885
901450 902153
871809 872479
883847 884501
896453 897150
922437 923137
869632 870283
898290 898925
882260 882954
908206 908899
896132 896782
911212 911865
874103 874780
914416 915119
876090 876738
931637 932279
862912 863610
888035 888722
855647 856304
2766761 2767493
877549 878233
881677 882366
874516 875165
872023 872675
865970 866651
887494 888185
885650 886348
919085 919730
871317 872011
894192 894893
872116 872793
882407 883052
873122 873794
904636 905316
886926 887574
896170 896817
884881 885567
881787 882465
862021 862666
892183 892834
868630 869306
899703 900392
887967 888609
908116 908775
866673 867354
889390 890074
862673 863333
885057 885717
855502 856189
894470 895152
873374 874011
896677 897338
889575 890255
879449 880128
878719 879352
871991 872641
864550 865216
872267 872973
865583 866224
903281 903931
857028 857698
897977 898692
855681 856314
901617 902306
862149 862830
907253 907950
885011 885664
893456 894122
877545 878230
896695 897409
853250 853887
908019 908670
873672 874354
908502 909186
891586 892219
900099 900759
864092 864781
891537 892246
854473 855122
904238 904888
882940 883614
912409 913119
878102 878769
877382 878085
871988 872667
882434 883121
849206 849851
875880 876514
850773 851450
900690 901383
871875 872511
898045 898694
858414 859092
912956 913635
852274 852909
896870 897528
849135 849810
876258 877009
865093 865717
